<?xml version="1.0" encoding="UTF-8"?>
<testsuite name="co.com.AutomatizacionParkeatecPage.runners.BicicletaParkeatecRunner" tests="0" skipped="0" failures="0" errors="0" timestamp="1970-01-01T00:00:00" hostname="COMPUGHOST-D4K7" time="0.0">
  <properties/>
  <system-out><![CDATA[CaracterÃ­stica: registro de vehiculo en la pagina de Parkeatec
  Como usuario de Parkeatec
  Quiero registrarme la informacion de mi vehiculo
  Para poder hacer uso del parqueadero

  @registroBicicleta
  Esquema del escenario: registrar de manera exitosa la informacion en la pagina de Parkeatec ?[90m# src/test/resources/features/registroBicicleta_parkeatec.feature:17?[0m
    ?[36mCuando ingrese al apartado de formulario y seleccione llenar formulario?[0m
    ?[36mEntonces se debe registrar la informacion y verificar que la informacion del vehiculo haya sido registrada correctamente y visualizar en los vehiculos.?[0m

    Ejemplos: 

  Antecedentes:                                                                    ?[90m# src/test/resources/features/registroBicicleta_parkeatec.feature:9?[0m

1 Scenarios (?[32m1 passed?[0m)
4 Steps (?[32m4 passed?[0m)
0m14,832s

]]></system-out>
  <system-err><![CDATA[[Test worker] INFO net.thucydides.core.steps.ConsoleLoggingListener - 

-------------------------------------------------------------------------------------
     _______. _______ .______       _______ .__   __.  __  .___________.____    ____ 
    /       ||   ____||   _  \     |   ____||  \ |  | |  | |           |\   \  /   / 
   |   (----`|  |__   |  |_)  |    |  |__   |   \|  | |  | `---|  |----` \   \/   /  
    \   \    |   __|  |      /     |   __|  |  . `  | |  |     |  |       \_    _/   
.----)   |   |  |____ |  |\  \----.|  |____ |  |\   | |  |     |  |         |  |     
|_______/    |_______|| _| `._____||_______||__| \__| |__|     |__|         |__|    
                                                                                     
 News and tutorials at http://www.serenity-bdd.info                                  
 Documentation at https://wakaleo.gitbooks.io/the-serenity-book/content/             
 Join the Serenity Community on Rocket Chat at https://serenity-bdd.rocket.chat      
 Serenity BDD Support and Training at http://serenity-bdd.info/#/trainingandsupport  
 Learn Serenity BDD online at http://serenity-dojo.com                               
-------------------------------------------------------------------------------------

[Test worker] INFO net.thucydides.core.steps.ConsoleLoggingListener - Test Suite Started: registro de vehiculo en la pagina de Parkeatec
[Test worker] INFO net.thucydides.core.steps.ConsoleLoggingListener - 
 _____ _____ ____ _____   ____ _____  _    ____ _____ _____ ____  
|_   _| ____/ ___|_   _| / ___|_   _|/ \  |  _ \_   _| ____|  _ \ 
  | | |  _| \___ \ | |   \___ \ | | / _ \ | |_) || | |  _| | | | |
  | | | |___ ___) || |    ___) || |/ ___ \|  _ < | | | |___| |_| |
  |_| |_____|____/ |_|   |____/ |_/_/   \_\_| \_\|_| |_____|____/ 
                                                                  

TEST STARTED: registrar de manera exitosa la informacion en la pagina de Parkeatec
-------------------------------------------------------------------(registro-de-vehiculo-en-la-pagina-de-parkeatec;registrar-de-manera-exitosa-la-informacion-en-la-pagina-de-parkeatec)
[pool-2-thread-1] INFO net.thucydides.core.requirements.PackageRequirementsTagProvider - Loading requirements from package requirements at: net.thucydides.showcase.cucumber.junit
log4j:WARN No appenders could be found for logger (freemarker.cache).
log4j:WARN Please initialize the log4j system properly.
log4j:WARN See http://logging.apache.org/log4j/1.2/faq.html#noconfig for more info.
]]></system-err>
</testsuite>
