<?xml version="1.0" encoding="UTF-8"?>
<testsuite name="Llenar el formulario de registro de vehiculo moto" tests="1" skipped="0" failures="1" errors="0" timestamp="2025-06-05T19:22:12" hostname="LBOG0551" time="37.218">
  <properties/>
  <testcase name="llenar formulario de registro moto" classname="Llenar el formulario de registro de vehiculo moto" time="37.218">
    <failure message="java.lang.AssertionError: Expected validacion registro moto&#13;&#10;Expected: is &lt;true&gt;&#13;&#10;     but: was &lt;false&gt;" type="java.lang.AssertionError">java.lang.AssertionError: Expected validacion registro moto
Expected: is &lt;true&gt;
     but: was &lt;false&gt;
	at net.serenitybdd.screenplay.ErrorTally.throwSummaryExceptionFrom(ErrorTally.java:36)
	at net.serenitybdd.screenplay.ErrorTally.reportAnyErrors(ErrorTally.java:30)
	at net.serenitybdd.screenplay.Actor.should(Actor.java:316)
	at co.com.AutomatizacionParkeatecPage.stepsdefinitions.RegistroMotoParkeatecStepDefinition.seDebeVerificarQueElVehiculoHayaSidoRegistrado(RegistroMotoParkeatecStepDefinition.java:24)
	at ✽.se debe verificar que el vehiculo haya sido registrado(src/test/resources/features/registrovehiculomoto_parkeatec.feature:21)
</failure>
  </testcase>
  <system-out><![CDATA[    ?[32mDado ?[0m?[32mque el usuario se encuentra en la pagina de inicio de sesion de Parkeatec?[0m                                    ?[90m# AutenticacionUsuarioParkeatecStepDefinitions.queElUsuarioSeEncuentraEnLaPaginaDeInicioDeSesionDeParkeatec()?[0m
    ?[32mCuando ?[0m?[32mingrese las credenciales de usuario correctas (usuario y contrasena)?[0m                                       ?[90m# AutenticacionUsuarioParkeatecStepDefinitions.ingreseLasCredencialesDeUsuarioCorrectasUsuarioYContrasena(CredencialesInicioSesion>)?[0m
    ?[32mEntonces ?[0m?[32mse debe verificar que el usuario haya sido autenticado correctamente y redirigido a su pagina de inicio.?[0m ?[90m# AutenticacionUsuarioParkeatecStepDefinitions.seDebeVerificarQueElUsuarioHayaSidoAutenticadoCorrectamenteYRedirigidoASuPaginaDeInicio()?[0m

  @registromoto
  Esquema del escenario: llenar formulario de registro moto         ?[90m# src/test/resources/features/registrovehiculomoto_parkeatec.feature:25?[0m
    ?[32mCuando ?[0m?[32mingrese la informacion solicitada en el formulario?[0m       ?[90m# RegistroMotoParkeatecStepDefinition.ingreseLaInformacionSolicitadaEnElFormulario(FormularioMoto>)?[0m
    ?[31mEntonces ?[0m?[31mse debe verificar que el vehiculo haya sido registrado?[0m ?[90m# RegistroMotoParkeatecStepDefinition.seDebeVerificarQueElVehiculoHayaSidoRegistrado()?[0m
      ?[31mjava.lang.AssertionError: Expected validacion registro moto
Expected: is <true>
     but: was <false>
	at net.serenitybdd.screenplay.ErrorTally.throwSummaryExceptionFrom(ErrorTally.java:36)
	at net.serenitybdd.screenplay.ErrorTally.reportAnyErrors(ErrorTally.java:30)
	at net.serenitybdd.screenplay.Actor.should(Actor.java:316)
	at co.com.AutomatizacionParkeatecPage.stepsdefinitions.RegistroMotoParkeatecStepDefinition.seDebeVerificarQueElVehiculoHayaSidoRegistrado(RegistroMotoParkeatecStepDefinition.java:24)
	at ?.se debe verificar que el vehiculo haya sido registrado(src/test/resources/features/registrovehiculomoto_parkeatec.feature:21)
?[0m
]]></system-out>
  <system-err><![CDATA[jun. 05, 2025 2:22:13 P. M. org.openqa.selenium.remote.DesiredCapabilities chrome
INFO: Using `new ChromeOptions()` is preferred to `DesiredCapabilities.chrome()`
[Test worker] INFO net.serenitybdd.core.webdriver.driverproviders.ProvideNewDriver - Instantiating driver
[Test worker] INFO net.serenitybdd.core.webdriver.driverproviders.ProvideNewDriver - Driver capabilities: Capabilities {acceptInsecureCerts: false, browserName: chrome, goog:chromeOptions: {args: [], extensions: [], prefs: {behavior: allow}}, loggingPrefs: org.openqa.selenium.logging..., name: proyecto, platform: ANY, unhandledPromptBehavior: ignore, version: }
Starting ChromeDriver 136.0.7103.94 (fa0be0b33debeb378a8e6ad9c599be34e2dc3b37-refs/branch-heads/7103@{#1842}) on port 16214
Only local connections are allowed.
Please see https://chromedriver.chromium.org/security-considerations for suggestions on keeping ChromeDriver safe.
ChromeDriver was started successfully on port 16214.
[1749151336.421][WARNING]: This version of ChromeDriver has not been tested with Chrome version 137.
jun. 05, 2025 2:22:16 P. M. org.openqa.selenium.remote.ProtocolHandshake createSession
INFO: Detected dialect: W3C
[Test worker] ERROR net.thucydides.core.steps.ConsoleLoggingListener - 
           __  _____ _____ ____ _____   _____ _    ___ _     _____ ____  
  _       / / |_   _| ____/ ___|_   _| |  ___/ \  |_ _| |   | ____|  _ \ 
 (_)_____| |    | | |  _| \___ \ | |   | |_ / _ \  | || |   |  _| | | | |
  _|_____| |    | | | |___ ___) || |   |  _/ ___ \ | || |___| |___| |_| |
 (_)     | |    |_| |_____|____/ |_|   |_|/_/   \_\___|_____|_____|____/ 
          \_\                                                            

TEST FAILED: llenar formulario de registro moto
--------------------------------------------------------------------------
[Test worker] ERROR net.thucydides.core.steps.ConsoleLoggingListener - TEST FAILED AT STEP Then validacion registro moto
[Test worker] ERROR net.thucydides.core.steps.ConsoleLoggingListener - Expected validacion registro motoExpected: is <true> but: was <false>
]]></system-err>
</testsuite>
