<?xml version="1.0" encoding="UTF-8"?>
<testsuite name="Ver la lista de usuarios que se han creado o registrado" tests="1" skipped="0" failures="0" errors="0" timestamp="2025-06-11T23:59:57" hostname="LBOG0551" time="34.361">
  <properties/>
  <testcase name="Mostrar los usuarios activos de parkeatec (usuario, vigilante o admin)" classname="Ver la lista de usuarios que se han creado o registrado" time="34.361"/>
  <system-out><![CDATA[    ?[32mDado ?[0m?[32mque el administrador se encuentre en la pagina de parkeatec?[0m                       ?[90m# AutenticacionAdminParkeatecStepDefinitions.queElAdministradorSeEncuentreEnLaPaginaDeParkeatec()?[0m
    ?[32mCuando ?[0m?[32mingrese sus credenciales?[0m                                                        ?[90m# AutenticacionAdminParkeatecStepDefinitions.ingreseSusCredenciales(CredencialesInicioSesion>)?[0m
    ?[32mEntonces ?[0m?[32mse debe validar que el usuario haya iniciado sesion en la pagina exitosamente?[0m ?[90m# AutenticacionAdminParkeatecStepDefinitions.seDebeValidarQueElUsuarioHayaIniciadoSesionEnLaPaginaExitosamente()?[0m

  @verListadoUsuarios
  Escenario: Mostrar los usuarios activos de parkeatec (usuario, vigilante o admin) ?[90m# src/test/resources/features/verListaUsuarios_parkeatec.feature:17?[0m
    ?[32mCuando ?[0m?[32mingrese al apartado Ver usuarios?[0m                                         ?[90m# VerListaUsuariosParkeatecStepDefinitions.ingreseAlApartadoVerUsuarios()?[0m
    ?[32mEntonces ?[0m?[32mse debe verificar los usuarios con nombre completo, correo y rol?[0m       ?[90m# VerListaUsuariosParkeatecStepDefinitions.seDebeVerificarLosUsuariosConNombreCompletoCorreoYRol()?[0m
]]></system-out>
  <system-err><![CDATA[jun. 11, 2025 6:59:58 P. M. org.openqa.selenium.remote.DesiredCapabilities chrome
INFO: Using `new ChromeOptions()` is preferred to `DesiredCapabilities.chrome()`
[Test worker] INFO net.serenitybdd.core.webdriver.driverproviders.ProvideNewDriver - Instantiating driver
[Test worker] INFO net.serenitybdd.core.webdriver.driverproviders.ProvideNewDriver - Driver capabilities: Capabilities {acceptInsecureCerts: false, browserName: chrome, goog:chromeOptions: {args: [], extensions: [], prefs: {behavior: allow}}, loggingPrefs: org.openqa.selenium.logging..., name: proyecto, platform: ANY, unhandledPromptBehavior: ignore, version: }
Starting ChromeDriver 136.0.7103.94 (fa0be0b33debeb378a8e6ad9c599be34e2dc3b37-refs/branch-heads/7103@{#1842}) on port 42446
Only local connections are allowed.
Please see https://chromedriver.chromium.org/security-considerations for suggestions on keeping ChromeDriver safe.
ChromeDriver was started successfully on port 42446.
[1749686401.150][WARNING]: This version of ChromeDriver has not been tested with Chrome version 137.
jun. 11, 2025 7:00:01 P. M. org.openqa.selenium.remote.ProtocolHandshake createSession
INFO: Detected dialect: W3C
[Test worker] INFO net.thucydides.core.steps.ConsoleLoggingListener - 
        __    _____ _____ ____ _____   ____   _    ____  ____  _____ ____  
  _     \ \  |_   _| ____/ ___|_   _| |  _ \ / \  / ___|/ ___|| ____|  _ \ 
 (_)_____| |   | | |  _| \___ \ | |   | |_) / _ \ \___ \\___ \|  _| | | | |
  _|_____| |   | | | |___ ___) || |   |  __/ ___ \ ___) |___) | |___| |_| |
 (_)     | |   |_| |_____|____/ |_|   |_| /_/   \_\____/|____/|_____|____/ 
        /_/                                                                

TEST PASSED: Mostrar los usuarios activos de parkeatec (usuario, vigilante o admin)
----------------------------------------------------------------------------
]]></system-err>
</testsuite>
