<?xml version="1.0" encoding="UTF-8"?>
<testsuite name="Selecccionar un espacio de parqueo ocupado" tests="1" skipped="0" failures="0" errors="0" timestamp="2025-06-10T01:23:28" hostname="LAPTOP-658HU9JD" time="22.657">
  <properties/>
  <testcase name="Registrar una novedad" classname="Selecccionar un espacio de parqueo ocupado" time="22.657"/>
  <system-out><![CDATA[    ?[32mDado ?[0m?[32mque el vigilante se encuentra en la pagina de inicio de sesion de Parkeatec?[0m ?[90m# AutenticacionVigilanteParkeatecStepDefinitions.queElVigilanteSeEncuentraEnLaPaginaDeInicioDeSesionDeParkeatec()?[0m
    ?[32mCuando ?[0m?[32mingrese las credenciales de vigilante correctas (usuario y contrasena)?[0m    ?[90m# AutenticacionVigilanteParkeatecStepDefinitions.ingreseLasCredencialesDeVigilanteCorrectasUsuarioYContrasena(CredencialesInicioSesion>)?[0m

  @RegistrarNovedad
  Esquema del escenario: Registrar una novedad                                          ?[90m# src/test/resources/features/Registrarstrike.feature:25?[0m
    ?[32mCuando ?[0m?[32mse encuentre en el apartado de espacios de parqueo este regisrte una novedad?[0m ?[90m# GenerarstrikeDefinitions.seEncuentreEnElApartadoDeEspaciosDeParqueoEsteRegisrteUnaNovedad(Observacion>)?[0m
    ?[32mEntonces ?[0m?[32meste se vera reflejado en el apartado Ver novedades?[0m                        ?[90m# GenerarstrikeDefinitions.esteSeVeraReflejadoEnElApartadoVerNovedades()?[0m
]]></system-out>
  <system-err><![CDATA[jun. 09, 2025 8:23:30 P. M. org.openqa.selenium.remote.DesiredCapabilities chrome
INFO: Using `new ChromeOptions()` is preferred to `DesiredCapabilities.chrome()`
[Test worker] INFO net.serenitybdd.core.webdriver.driverproviders.ProvideNewDriver - Instantiating driver
[Test worker] INFO net.serenitybdd.core.webdriver.driverproviders.ProvideNewDriver - Driver capabilities: Capabilities {acceptInsecureCerts: false, browserName: chrome, goog:chromeOptions: {args: [], extensions: [], prefs: {behavior: allow}}, loggingPrefs: org.openqa.selenium.logging..., name: proyecto, platform: ANY, unhandledPromptBehavior: ignore, version: }
Starting ChromeDriver 136.0.7103.94 (fa0be0b33debeb378a8e6ad9c599be34e2dc3b37-refs/branch-heads/7103@{#1842}) on port 12741
Only local connections are allowed.
Please see https://chromedriver.chromium.org/security-considerations for suggestions on keeping ChromeDriver safe.
ChromeDriver was started successfully on port 12741.
[1749518613.539][WARNING]: This version of ChromeDriver has not been tested with Chrome version 137.
jun. 09, 2025 8:23:33 P. M. org.openqa.selenium.remote.ProtocolHandshake createSession
INFO: Detected dialect: W3C
[Test worker] INFO net.thucydides.core.steps.ConsoleLoggingListener - 
        __    _____ _____ ____ _____   ____   _    ____  ____  _____ ____  
  _     \ \  |_   _| ____/ ___|_   _| |  _ \ / \  / ___|/ ___|| ____|  _ \ 
 (_)_____| |   | | |  _| \___ \ | |   | |_) / _ \ \___ \\___ \|  _| | | | |
  _|_____| |   | | | |___ ___) || |   |  __/ ___ \ ___) |___) | |___| |_| |
 (_)     | |   |_| |_____|____/ |_|   |_| /_/   \_\____/|____/|_____|____/ 
        /_/                                                                

TEST PASSED: Registrar una novedad
----------------------------------------------------------------------------
]]></system-err>
</testsuite>
