<?xml version="1.0" encoding="UTF-8"?>
<testsuite name="registro en la pagina de Parkeatec" tests="1" skipped="0" failures="0" errors="0" timestamp="2025-06-15T00:48:39" hostname="LBOG0551" time="25.626">
  <properties/>
  <testcase name="registrar de manera exitosa la informacion en la pagina de Parkeatec" classname="registro en la pagina de Parkeatec" time="25.626"/>
  <system-out><![CDATA[    ?[32mDado ?[0m?[32mque el usuario se encuentra en la pagina de registro de Parkeatec?[0m                                                           ?[90m# RegistroParkeatecStepDefinitions.queElUsuarioSeEncuentraEnLaPaginaDeRegistroDeParkeatec()?[0m
juaniW@gmail.com
prueba dominiojuaniW@gmail.com
    ?[32mCuando ?[0m?[32mingrese la informacion del formulario correctamente?[0m                                                                       ?[90m# RegistroParkeatecStepDefinitions.ingreseLaInformacionDelFormularioCorrectamente(InfoRegistro>)?[0m
    ?[32mEntonces ?[0m?[32mse debe verificar que la informacion del usuario haya sido registrada correctamente y redirigido a su pagina de inicio.?[0m ?[90m# RegistroParkeatecStepDefinitions.seDebeVerificarQueLaInformacionDelUsuarioHayaSidoRegistradaCorrectamenteYRedirigidoASuPaginaDeInicio()?[0m
]]></system-out>
  <system-err><![CDATA[jun. 14, 2025 7:48:39 P. M. org.openqa.selenium.remote.DesiredCapabilities chrome
INFO: Using `new ChromeOptions()` is preferred to `DesiredCapabilities.chrome()`
[Test worker] INFO net.serenitybdd.core.webdriver.driverproviders.ProvideNewDriver - Instantiating driver
[Test worker] INFO net.serenitybdd.core.webdriver.driverproviders.ProvideNewDriver - Driver capabilities: Capabilities {acceptInsecureCerts: false, browserName: chrome, goog:chromeOptions: {args: [], extensions: [], prefs: {behavior: allow}}, loggingPrefs: org.openqa.selenium.logging..., name: proyecto, platform: ANY, unhandledPromptBehavior: ignore, version: }
Starting ChromeDriver 136.0.7103.94 (fa0be0b33debeb378a8e6ad9c599be34e2dc3b37-refs/branch-heads/7103@{#1842}) on port 43110
Only local connections are allowed.
Please see https://chromedriver.chromium.org/security-considerations for suggestions on keeping ChromeDriver safe.
ChromeDriver was started successfully on port 43110.
[1749948522.228][WARNING]: This version of ChromeDriver has not been tested with Chrome version 137.
jun. 14, 2025 7:48:42 P. M. org.openqa.selenium.remote.ProtocolHandshake createSession
INFO: Detected dialect: W3C
[Test worker] INFO net.thucydides.core.steps.ConsoleLoggingListener - 
        __    _____ _____ ____ _____   ____   _    ____  ____  _____ ____  
  _     \ \  |_   _| ____/ ___|_   _| |  _ \ / \  / ___|/ ___|| ____|  _ \ 
 (_)_____| |   | | |  _| \___ \ | |   | |_) / _ \ \___ \\___ \|  _| | | | |
  _|_____| |   | | | |___ ___) || |   |  __/ ___ \ ___) |___) | |___| |_| |
 (_)     | |   |_| |_____|____/ |_|   |_| /_/   \_\____/|____/|_____|____/ 
        /_/                                                                

TEST PASSED: registrar de manera exitosa la informacion en la pagina de Parkeatec
----------------------------------------------------------------------------
]]></system-err>
</testsuite>
