<?xml version="1.0" encoding="UTF-8"?>
<testsuite name="Selecccionar en el menu el apartado" tests="1" skipped="0" failures="0" errors="0" timestamp="2025-06-19T02:30:51" hostname="LBOG0551" time="16.691">
  <properties/>
  <testcase name="Ver mis novedades" classname="Selecccionar en el menu el apartado" time="16.691"/>
  <system-out><![CDATA[    ?[32mDado ?[0m?[32mque el vigilante se encuentra en la pagina de inicio de sesion de Parkeatec?[0m ?[90m# AutenticacionVigilanteParkeatecStepDefinitions.queElVigilanteSeEncuentraEnLaPaginaDeInicioDeSesionDeParkeatec()?[0m
    ?[32mCuando ?[0m?[32mingrese las credenciales de vigilante correctas (usuario y contrasena)?[0m    ?[90m# AutenticacionVigilanteParkeatecStepDefinitions.ingreseLasCredencialesDeVigilanteCorrectasUsuarioYContrasena(CredencialesInicioSesion>)?[0m

  @VerNovedades
  Escenario: Ver mis novedades                                                   ?[90m# src/test/resources/features/VerNovedades.feature:17?[0m
    ?[32mCuando ?[0m?[32mse encuentre en la pantalla inicial seleccione en el menu el apartado?[0m ?[90m# VerNovedadesStepsDefinitions.seEncuentreEnLaPantallaInicialSeleccioneEnElMenuElApartado()?[0m
    ?[32mEntonces ?[0m?[32meste reflejara las novedades escritos por el usuario?[0m                ?[90m# VerNovedadesStepsDefinitions.esteReflejaraLasNovedadesEscritosPorElUsuario()?[0m
]]></system-out>
  <system-err><![CDATA[jun. 18, 2025 9:30:52 P. M. org.openqa.selenium.remote.DesiredCapabilities chrome
INFO: Using `new ChromeOptions()` is preferred to `DesiredCapabilities.chrome()`
[Test worker] INFO net.serenitybdd.core.webdriver.driverproviders.ProvideNewDriver - Instantiating driver
[Test worker] INFO net.serenitybdd.core.webdriver.driverproviders.ProvideNewDriver - Driver capabilities: Capabilities {acceptInsecureCerts: false, browserName: chrome, goog:chromeOptions: {args: [], extensions: [], prefs: {behavior: allow}}, loggingPrefs: org.openqa.selenium.logging..., name: proyecto, platform: ANY, unhandledPromptBehavior: ignore, version: }
Starting ChromeDriver 136.0.7103.94 (fa0be0b33debeb378a8e6ad9c599be34e2dc3b37-refs/branch-heads/7103@{#1842}) on port 29909
Only local connections are allowed.
Please see https://chromedriver.chromium.org/security-considerations for suggestions on keeping ChromeDriver safe.
ChromeDriver was started successfully on port 29909.
[1750300255.628][WARNING]: This version of ChromeDriver has not been tested with Chrome version 137.
jun. 18, 2025 9:30:55 P. M. org.openqa.selenium.remote.ProtocolHandshake createSession
INFO: Detected dialect: W3C
[Test worker] INFO net.thucydides.core.steps.ConsoleLoggingListener - 
        __    _____ _____ ____ _____   ____   _    ____  ____  _____ ____  
  _     \ \  |_   _| ____/ ___|_   _| |  _ \ / \  / ___|/ ___|| ____|  _ \ 
 (_)_____| |   | | |  _| \___ \ | |   | |_) / _ \ \___ \\___ \|  _| | | | |
  _|_____| |   | | | |___ ___) || |   |  __/ ___ \ ___) |___) | |___| |_| |
 (_)     | |   |_| |_____|____/ |_|   |_| /_/   \_\____/|____/|_____|____/ 
        /_/                                                                

TEST PASSED: Ver mis novedades
----------------------------------------------------------------------------
]]></system-err>
</testsuite>
